<?xml version="1.0" encoding="UTF-8"?>
<testsuite name="TestScripts.TestAnnotation" tests="1" skipped="0" failures="0" errors="0" timestamp="2019-10-11T08:47:46" hostname="CTU-PSU" time="0.0">
  <properties/>
  <testcase name="test" classname="TestScripts.TestAnnotation" time="0.0"/>
  <system-out><![CDATA[test.test-
]]></system-out>
  <system-err><![CDATA[]]></system-err>
</testsuite>
