<?xml version="1.0" encoding="UTF-8"?>
<!-- Generated by org.testng.reporters.JUnitReportReporter -->
<testsuite skipped="0" hostname="CTU-PSU" name="TestScripts.TestAnnotation" tests="1" failures="0" timestamp="2019-10-11T16:47:46 CST" time="0.000" errors="0">
  <testcase name="test" time="0.000" classname="TestScripts.TestAnnotation"/>
</testsuite> <!-- TestScripts.TestAnnotation -->
