<?xml version="1.0" encoding="UTF-8"?>
<!-- Generated by org.testng.reporters.JUnitReportReporter -->
<testsuite skipped="0" hostname="CTU-PSU" name="BasicCase2" tests="3" failures="0" timestamp="10 Oct 2019 08:15:15 GMT" time="0.003" errors="0">
  <testcase name="test1" time="0.001" classname="BasicCase2"/>
  <testcase name="test2" time="0.000" classname="BasicCase2"/>
  <testcase name="test3" time="0.002" classname="BasicCase2"/>
</testsuite> <!-- BasicCase2 -->
