<?xml version="1.0" encoding="UTF-8"?>
<!-- Generated by org.testng.reporters.JUnitReportReporter -->
<testsuite skipped="0" hostname="CTU-PSU" name="com.cases.BasicCase" tests="3" failures="0" timestamp="2019-10-11T16:24:46 CST" time="0.001" errors="0">
  <testcase name="test3" time="0.000" classname="com.cases.BasicCase"/>
  <testcase name="test1" time="0.001" classname="com.cases.BasicCase"/>
  <testcase name="test2" time="0.000" classname="com.cases.BasicCase"/>
</testsuite> <!-- com.cases.BasicCase -->
